1718784212,76,Mili - In Hell We Live, Lament feat. KIHOW from MYTH & ROID / Limbus Company,https://www.youtube.com/watch?v=XfTWgMgknpY,134
1718784224,76,Mili - In Hell We Live, Lament feat. KIHOW from MYTH & ROID / Limbus Company,https://www.youtube.com/watch?v=XfTWgMgknpY,134
1718784339,76,Mili - In Hell We Live, Lament feat. KIHOW from MYTH & ROID / Limbus Company,https://www.youtube.com/watch?v=XfTWgMgknpY,134
1718784470,,,/home/fern/Stash/Music/Hatsune Miku Is Going To Beat You To Death ⧸ 初音ミク.webm,100
1718889982,,,/home/fern/Stash/images/memes/[twitter] downvote_me—2024.06.11—1800594484557684900—GPz_G_9agAA_-_t.mp4,121
1718889983,,,/home/fern/Stash/images/memes/[twitter] ShenZhouFuHuaWR—2024.04.20—1781704187488649523—GLnig5_WIAA3GbT.jpg,125
1718932089,,,/home/fern/Downloads/Soboro_Collection_Compressed/2023-12/Miao/MOV/cloth_test.mp4,94
1718932093,,,/home/fern/Downloads/Soboro_Collection_Compressed/2023-12/Miao/MOV/miao_kat.mp4,92
1718932097,,,/home/fern/Downloads/Soboro_Collection_Compressed/2023-12/Miao/MOV/miao_ying_update_body.mp4,105
1719063527,,,/home/fern/Stash/images/memes/448113835_827149252189983_6532416618021308219_n.mp4,94
1719063552,,,/home/fern/Stash/images/memes/1717161538625.mp4,60
1719063555,,,/home/fern/Stash/images/memes/[twitter] downvote_me—2024.04.02—1775225079380705445—GKLdo6AbkAEsanY.mp4,121
1719063555,,,/home/fern/Stash/images/memes/[twitter] downvote_me—2024.06.11—1800594484557684900—GPz_G_9agAA_-_t.mp4,121
1719063556,,,/home/fern/Stash/images/memes/[twitter] FlipsieVT—2024.06.19—1803577113259175947—GQeXzdQWgAAhB9M.jpg,119
1719063557,,,/home/fern/Stash/images/memes/[twitter] senukin69—2024.06.18—1803162659128484087—GQYe2_ebEAAfiBw.jpg,119
1719063558,,,/home/fern/Stash/images/memes/[twitter] ShenZhouFuHuaWR—2024.04.20—1781704187488649523—GLnig5_WIAA3GbT.jpg,125
1719486189,,,/home/fern/Downloads/[twitter] DocGlendale—2024.06.27—1806132981284946202—GRCsXtwbMAA5WV8.mp4,112
1719547747,,,/home/fern/Stash/Music/[블루 아카이브] 꺄아아아악!.webm,79
1719547754,,,/home/fern/Stash/Music/Astrophysics feat. 初音ミク【Hatsune Miku】- The Model [MV].webm,106
1719547813,,,/home/fern/Stash/Music/Disaffection - Remaster.webm,64
1719548014,,,/home/fern/Stash/Music/驚鴻醉.webm,50
1719548057,,,/home/fern/Stash/Music/Mili - Duetting Solo (Goblin Slayer -ANOTHER ADVENTURER- NIGHTMARE FEAST Ending Theme).webm,127
1719548317,,,/home/fern/Stash/Music/【Jill】進撃の巨人「紅蓮の弓矢」バイオリンで弾いてみた.webm,120
1719548324,,,/home/fern/Stash/Music/【MV】QUEEN FLY.webm,58
1719548350,,,/home/fern/Stash/Music/【公式】撥条少女時計 feat.初音ミク【オリジナル曲】.mp4,112
1719548989,,,/home/fern/Stash/Music/【公式】撥条少女時計 feat.初音ミク【オリジナル曲】.mp4,112
1719549008,,,/home/fern/Stash/Music/【初音ミク】V4C Original Song《草蛇惊一》《怖い草蛇》《Holy Shit Grass Snake》.mkv,138
1719549058,,,/home/fern/Stash/Music/エリカの憂い ⧸ 香椎モイミ feat. 星界.webm,92
1719549089,,,/home/fern/Stash/Music/紅玉は渦中で嗤う.webm,68
1719549144,,,/home/fern/Stash/Music/驚鴻醉.webm,50
1719549445,48,Genshin Impact Fansong - Hutao【胡口桃生】,https://www.youtube.com/watch?v=zq-FhVgCTJo,106
1719549472,48,Genshin Impact Fansong - Hutao【胡口桃生】,https://www.youtube.com/watch?v=zq-FhVgCTJo,106
1719549486,51,[MV] LUVORATORRRRRY! ver Reol(れをる) feat.nqrse,https://www.youtube.com/watch?v=p-o_bMkzOW0,109
1719562072,,,/run/media/fern/323012AD301277D5/Users/WZ/2024-05-26 09-51-00.mkv,78
1720006864,,,/home/fern/Stash/images/memes/[twitter] downvote_me—2024.04.02—1775225079380705445—GKLdo6AbkAEsanY.mp4,121
1720006865,,,/home/fern/Stash/images/memes/[twitter] downvote_me—2024.06.11—1800594484557684900—GPz_G_9agAA_-_t.mp4,121
1720006866,,,/home/fern/Stash/images/memes/[twitter] FlipsieVT—2024.06.19—1803577113259175947—GQeXzdQWgAAhB9M.jpg,119
1720006867,,,/home/fern/Stash/images/memes/[twitter] senukin69—2024.06.18—1803162659128484087—GQYe2_ebEAAfiBw.jpg,119
1720006868,,,/home/fern/Stash/images/memes/[twitter] ShenZhouFuHuaWR—2024.04.20—1781704187488649523—GLnig5_WIAA3GbT.jpg,125
1720006869,,,/home/fern/Stash/images/memes/[twitter] TragicalDrip02—2024.03.23—1771340148329927139—GJUQelaXEAAK3cT.jpg,124
1720006870,,,/home/fern/Stash/images/memes/[twitter] Yukisama_Toyo69—2024.02.07—1755087015794860096—GFtSVuoacAACdj3.jpg,125
